<?xml version="1.0" encoding="UTF-8"?>
<!-- Generated by org.testng.reporters.JUnitReportReporter -->
<testsuite hostname="DESKTOP-FO2KUNJ" failures="0" tests="1" name="Runner.TestRunner" time="11.624" errors="0" timestamp="2022-08-11T14:58:25 IST" skipped="0">
  <testcase classname="Runner.TestRunner" name="runScenario" time="11.624"/>
  <system-out/>
</testsuite> <!-- Runner.TestRunner -->
